<?xml version="1.0" encoding="UTF-8"?>
<!-- Generated by org.testng.reporters.JUnitReportReporter -->
<testsuite hostname="Chakrapani-Chandana" failures="0" tests="1" name="BharatPracticeTests.SubmitOrderTest" time="17.909" errors="0" timestamp="2024-08-16T18:48:31 IST" skipped="0">
  <testcase classname="BharatPracticeTests.SubmitOrderTest" name="submitOrder" time="17.909"/>
  <system-out/>
</testsuite> <!-- BharatPracticeTests.SubmitOrderTest -->
