<?xml version="1.0" encoding="UTF-8"?>
<!-- Generated by org.testng.reporters.JUnitReportReporter -->
<testsuite hostname="Chakrapani-Chandana" failures="0" tests="1" name="BharatPractice.Tests.ErrorValidations" time="7.992" errors="0" timestamp="2024-08-16T20:13:25 IST" skipped="0">
  <testcase classname="BharatPractice.Tests.ErrorValidations" name="loginErrorValidaton" time="7.992"/>
  <system-out/>
</testsuite> <!-- BharatPractice.Tests.ErrorValidations -->
