<?xml version="1.0" encoding="UTF-8"?>
<!-- Generated by org.testng.reporters.JUnitReportReporter -->
<testsuite hostname="Chakrapani-Chandana" failures="0" tests="3" name="BharatPractice.Tests.SubmitOrderTest" time="40.066" errors="0" timestamp="2024-08-19T10:23:25 IST" skipped="0">
  <testcase classname="BharatPractice.Tests.SubmitOrderTest" name="OrderHistoryTest" time="16.350"/>
  <system-out/>
  <testcase classname="BharatPractice.Tests.SubmitOrderTest" name="submitOrder" time="7.482"/>
  <system-out/>
  <testcase classname="BharatPractice.Tests.SubmitOrderTest" name="submitOrder" time="16.234"/>
  <system-out/>
</testsuite> <!-- BharatPractice.Tests.SubmitOrderTest -->
