<?xml version="1.0" encoding="UTF-8"?>
<!-- Generated by org.testng.reporters.JUnitReportReporter -->
<testsuite hostname="Chakrapani-Chandana" failures="0" tests="3" name="BharatPractice.Tests.SubmitOrderTest" time="21.158" errors="0" timestamp="2024-08-19T11:23:54 IST" skipped="0">
  <testcase classname="BharatPractice.Tests.SubmitOrderTest" name="OrderHistoryTest" time="4.797"/>
  <testcase classname="BharatPractice.Tests.SubmitOrderTest" name="submitOrder" time="8.108"/>
  <testcase classname="BharatPractice.Tests.SubmitOrderTest" name="submitOrder" time="8.253"/>
</testsuite> <!-- BharatPractice.Tests.SubmitOrderTest -->
