<?xml version="1.0" encoding="UTF-8"?>
<!-- Generated by org.testng.reporters.JUnitReportReporter -->
<testsuite hostname="Chakrapani-Chandana" failures="0" tests="1" name="BharatPractice.Tests.ErrorValidationTest" time="7.262" errors="0" timestamp="2024-08-19T11:23:54 IST" skipped="0">
  <testcase classname="BharatPractice.Tests.ErrorValidationTest" name="loginErrorValidaton" time="7.262"/>
</testsuite> <!-- BharatPractice.Tests.ErrorValidationTest -->
